<?xml version="1.0" encoding="UTF-8"?>
<Site BuildName="Linux-g++"
	BuildStamp="20230803-1849-Experimental"
	Name="nick-ThinkPad-T14s-Gen-3"
	Generator="ctest-3.22.1"
	CompilerName="/usr/bin/g++"
	CompilerVersion="11.3.0"
	OSName="Linux"
	Hostname="nick-ThinkPad-T14s-Gen-3"
	OSRelease="5.15.0-78-generic"
	OSVersion="#85-Ubuntu SMP Fri Jul 7 15:25:09 UTC 2023"
	OSPlatform="x86_64"
	Is64Bits="1"
	VendorString="AuthenticAMD"
	VendorID="Advanced Micro Devices"
	FamilyID="25"
	ModelID="68"
	ProcessorCacheSize="512"
	NumberOfLogicalCPU="12"
	NumberOfPhysicalCPU="6"
	TotalVirtualMemory="2047"
	TotalPhysicalMemory="14742"
	LogicalProcessorsPerPhysical="2"
	ProcessorClockFrequency="3613.5"
	>
	<Testing>
		<StartDateTime>Aug 03 14:49 EDT</StartDateTime>
		<StartTestTime>1691088558</StartTestTime>
		<TestList/>
		<EndDateTime>Aug 03 14:49 EDT</EndDateTime>
		<EndTestTime>1691088558</EndTestTime>
		<ElapsedMinutes>0</ElapsedMinutes>
	</Testing>
</Site>
