<?xml version="1.0" encoding="UTF-8"?>
<Site BuildName="Linux-g++"
	BuildStamp="20230824-0231-Experimental"
	Name="nick-ThinkPad-T14s-Gen-3"
	Generator="ctest-3.22.1"
	CompilerName="/usr/bin/g++"
	CompilerVersion="11.3.0"
	OSName="Linux"
	Hostname="nick-ThinkPad-T14s-Gen-3"
	OSRelease="5.15.0-79-generic"
	OSVersion="#86-Ubuntu SMP Mon Jul 10 16:07:21 UTC 2023"
	OSPlatform="x86_64"
	Is64Bits="1"
	VendorString="AuthenticAMD"
	VendorID="Advanced Micro Devices"
	FamilyID="25"
	ModelID="68"
	ProcessorCacheSize="512"
	NumberOfLogicalCPU="12"
	NumberOfPhysicalCPU="6"
	TotalVirtualMemory="2047"
	TotalPhysicalMemory="14742"
	LogicalProcessorsPerPhysical="2"
	ProcessorClockFrequency="2900"
	>
	<Testing>
		<StartDateTime>Aug 23 23:10 EDT</StartDateTime>
		<StartTestTime>1692846609</StartTestTime>
		<TestList/>
		<EndDateTime>Aug 23 23:10 EDT</EndDateTime>
		<EndTestTime>1692846609</EndTestTime>
		<ElapsedMinutes>0</ElapsedMinutes>
	</Testing>
</Site>
