<?xml version="1.0" encoding="UTF-8"?>
<Site BuildName="Linux-g++"
	BuildStamp="20230911-2315-Experimental"
	Name="nick-ThinkPad-T14s-Gen-3"
	Generator="ctest-3.22.1"
	CompilerName="/usr/bin/g++"
	CompilerVersion="11.3.0"
	OSName="Linux"
	Hostname="nick-ThinkPad-T14s-Gen-3"
	OSRelease="5.15.0-82-generic"
	OSVersion="#91-Ubuntu SMP Mon Aug 14 14:14:14 UTC 2023"
	OSPlatform="x86_64"
	Is64Bits="1"
	VendorString="AuthenticAMD"
	VendorID="Advanced Micro Devices"
	FamilyID="25"
	ModelID="68"
	ProcessorCacheSize="512"
	NumberOfLogicalCPU="12"
	NumberOfPhysicalCPU="6"
	TotalVirtualMemory="2047"
	TotalPhysicalMemory="14742"
	LogicalProcessorsPerPhysical="2"
	ProcessorClockFrequency="3728.26"
	>
	<Testing>
		<StartDateTime>Sep 11 19:26 EDT</StartDateTime>
		<StartTestTime>1694474815</StartTestTime>
		<TestList/>
		<EndDateTime>Sep 11 19:26 EDT</EndDateTime>
		<EndTestTime>1694474815</EndTestTime>
		<ElapsedMinutes>0</ElapsedMinutes>
	</Testing>
</Site>
